     1                                  bits 32 ; assembling for the 32 bits architecture
     2                                  
     3                                  ; declare the EntryPoint (a label defining the very first instruction of the program)
     4                                  global start        
     5                                  
     6                                  ; declare external functions needed by our program
     7                                  extern exit               ; tell nasm that exit exists even if we won't be defining it
     8                                  import exit msvcrt.dll    ; exit is a function that ends the calling process. It is defined in msvcrt.dll
     9                                                            ; msvcrt.dll contains exit, printf and all the other important C-runtime specific functions
    10                                  
    11                                  ; our data is declared here (the variables needed by our program)
    12                                  segment data use32 class=data
    13                                      ; ...
    14 00000000 02                          a db 2
    15 00000001 05                          b db 5
    16 00000002 09                          c db 9
    17 00000003 07                          d db 7
    18                                  
    19                                  ; our code starts here
    20                                  segment code use32 class=code
    21                                      start:
    22                                          ; ...
    23 00000000 8A25[00000000]                  mov ah, [a]
    24 00000006 0225[01000000]                  add ah, [b]
    25 0000000C 2A25[02000000]                  sub ah, [c]
    26 00000012 A0[03000000]                    mov al, [d]
    27 00000017 0205[00000000]                  add al, [a]
    28 0000001D 28C4                            sub ah, al
    29                                          
    30                                          
    31                                          ; exit(0)
    32 0000001F 6A00                            push    dword 0      ; push the parameter for exit onto the stack
    33 00000021 FF15[00000000]                  call    [exit]       ; call exit to terminate the program
