     1                                  bits 32 ; assembling for the 32 bits architecture
     2                                  
     3                                  ; declare the EntryPoint (a label defining the very first instruction of the program)
     4                                  global start        
     5                                  
     6                                  ; declare external functions needed by our program
     7                                  extern exit, scanf, printf               ; tell nasm that exit exists even if we won't be defining it
     8                                  import exit msvcrt.dll    ; exit is a function that ends the calling process. It is defined in msvcrt.dll
     9                                  import scanf msvcrt.dll
    10                                  import printf msvcrt.dll     ; exit is a function that ends the calling process. It is defined in msvcrt.dll
    11                                                            ; msvcrt.dll contains exit, printf and all the other important C-runtime specific functions
    12                                  
    13                                  ; our data is declared here (the variables needed by our program)
    14                                  segment data use32 class=data
    15                                      ; ...
    16 00000000 00000000                    a dd 0
    17 00000004 00000000                    b dd 0
    18 00000008 00000000                    suma dd 0
    19 0000000C 00000000                    diferenta dd 0
    20 00000010 2578202020257800            afisare db "%x   %x", 0
    21 00000018 2578257800                  format db "%x%x", 0
    22                                  
    23                                  ; our code starts here
    24                                  segment code use32 class=code
    25                                      start:
    26                                          ; ...
    27 00000000 68[00000000]                    push a
    28 00000005 68[04000000]                    push b
    29 0000000A 68[18000000]                    push format
    30 0000000F FF15[00000000]                  call [scanf]
    31 00000015 83C40C                          add esp, 4 * 3
    32                                          
    33 00000018 B800000000                      mov eax, 0
    34 0000001D 66A1[00000000]                  mov ax, [a]
    35 00000023 660305[04000000]                add ax, [b]
    36                                          
    37 0000002A BB00000000                      mov ebx, 0
    38 0000002F 668B1D[06000000]                mov bx, [b+2]
    39 00000036 662B1D[02000000]                sub bx, [a+2]
    40                                          
    41 0000003D 50                              push eax
    42 0000003E 53                              push ebx
    43 0000003F 68[10000000]                    push afisare
    44 00000044 FF15[00000000]                  call [printf]
    45 0000004A 83C40C                          add esp, 4 * 3
    46                                          ; exit(0)
    47 0000004D 6A00                            push    dword 0      ; push the parameter for exit onto the stack
    48 0000004F FF15[00000000]                  call    [exit]       ; call exit to terminate the program
